This is pdfTeX, Version 3.141592653-2.6-1.40.26 (TeX Live 2024) (preloaded format=pdflatex 2024.6.11)  20 NOV 2024 11:13
entering extended mode
 restricted \write18 enabled.
 %&-line parsing enabled.
**main.tex
(./main.tex
LaTeX2e <2024-06-01>
L3 programming layer <2024-05-27>
(/usr/local/texlive/2024/texmf-dist/tex/latex/base/article.cls
Document Class: article 2024/02/08 v1.4n Standard LaTeX document class
(/usr/local/texlive/2024/texmf-dist/tex/latex/base/size10.clo
File: size10.clo 2024/02/08 v1.4n Standard LaTeX file (size option)
)
\c@part=\count194
\c@section=\count195
\c@subsection=\count196
\c@subsubsection=\count197
\c@paragraph=\count198
\c@subparagraph=\count199
\c@figure=\count266
\c@table=\count267
\abovecaptionskip=\skip49
\belowcaptionskip=\skip50
\bibindent=\dimen141
)
(/usr/local/texlive/2024/texmf-dist/tex/latex/graphics/graphicx.sty
Package: graphicx 2021/09/16 v1.2d Enhanced LaTeX Graphics (DPC,SPQR)

(/usr/local/texlive/2024/texmf-dist/tex/latex/graphics/keyval.sty
Package: keyval 2022/05/29 v1.15 key=value parser (DPC)
\KV@toks@=\toks17
)
(/usr/local/texlive/2024/texmf-dist/tex/latex/graphics/graphics.sty
Package: graphics 2024/05/23 v1.4g Standard LaTeX Graphics (DPC,SPQR)

(/usr/local/texlive/2024/texmf-dist/tex/latex/graphics/trig.sty
Package: trig 2023/12/02 v1.11 sin cos tan (DPC)
)
(/usr/local/texlive/2024/texmf-dist/tex/latex/graphics-cfg/graphics.cfg
File: graphics.cfg 2016/06/04 v1.11 sample graphics configuration
)
Package graphics Info: Driver file: pdftex.def on input line 106.

(/usr/local/texlive/2024/texmf-dist/tex/latex/graphics-def/pdftex.def
File: pdftex.def 2024/04/13 v1.2c Graphics/color driver for pdftex
))
\Gin@req@height=\dimen142
\Gin@req@width=\dimen143
)
(./circus.sty
Package: circus 2015/07/23 v.1.4 Circus style file by the Community Z Tools
 `Circus style file by the Community Z Tools' v.1.4 <2015/07/23>
(./czt.sty
Package: czt 2015/07/23 v.1.4 Standard Z style file by the Community Z Tools
 `Standard Z style file by the Community Z Tools' v.1.4 <2015/07/23>
Package czt Info: AMS fonts selected with default options on input line 85.
Package czt Info: Rendering Z math mode in monochrome. on input line 120.
\c@mv@czt=\count268
Package czt Info: Creating `czt' math version on input line 151.
\symstmry=\mathgroup4
LaTeX Font Info:    Redeclaring math alphabet \mathit on input line 158.
LaTeX Font Info:    Overwriting math alphabet `\mathrm' in version `czt'
(Font)                  OT1/cmr/m/n --> OT1/cmr/m/n on input line 162.
LaTeX Font Info:    Overwriting math alphabet `\mathbf' in version `czt'
(Font)                  OT1/cmr/bx/n --> OT1/cmr/bx/n on input line 163.
LaTeX Font Info:    Overwriting math alphabet `\mathsf' in version `czt'
(Font)                  OT1/cmss/m/n --> OT1/cmss/m/n on input line 164.
\symitalics=\mathgroup5
Package czt Info: Loading AMS font symbols for Z on input line 602.
\symAMSa=\mathgroup6
\symAMSb=\mathgroup7
Package czt Info: Current math version set to `czt' on input line 605.


Package czt Warning: Could not resolve math code for letters.
(czt)                Default could not be found. Using Italics on input line 66
4.

Package czt Info: Counting Z declarations? YES  on input line 682.
\@zcountingwhat=\count269
\c@cntZunboxed=\count270
\c@cntZaxdef=\count271
\c@cntZgendef=\count272
\c@cntZschema=\count273
\c@cntZgenschema=\count274
\c@cntZtheorem=\count275
\c@cntZproof=\count276
\c@cntZdecl=\count277
\c@cntZunknown=\count278
\c@cntZtotunboxed=\count279
\c@cntZtotaxdef=\count280
\c@cntZtotgendef=\count281
\c@cntZtotschema=\count282
\c@cntZtotgenschema=\count283
\c@cntZtottheorem=\count284
\c@cntZtotproof=\count285
\c@cntZtotdecl=\count286
\c@cntZtotunknown=\count287
\big@size=\dimen144
\zedtab=\dimen145
\zedindent=\dimen146
\zedleftsep=\dimen147
\zedbar=\dimen148
\interzedlinepenalty=\count288
\preboxpenalty=\count289
\forcepagepenalty=\count290
\zedskip=\skip51
Package czt Info: Initialising Z registers with default values.
(czt)                \zedtab=20.00003pt
(czt)                \zedindent=25.00003pt=\leftmargini
(czt)                \zedleftsep=10.00002pt
(czt)                \zedbar=60.00009pt
(czt)             
(czt)                \interzedlinepenalty=10000
(czt)                \preboxpenalty=0
(czt)                \forcepagepenalty=-10000
(czt)                \interdisplaylinepenalty=100
(czt)             
(czt)                \zedskip=6.0pt plus 3.99994pt minus 3.99994pt
(czt)                \zt@p=false 
(czt)                \CountDefstrue=true  on input line 1092.
Package czt Info: Setting up Standard Z skipping and breaking on input line 112
8.
Package czt Info: Setting up Standard Z LaTeX environments on input line 1425.
Package czt Info: Setting up Standard Z basic symbols on input line 1540.
Package czt Info: Setting up Standard Z Greek and other letters on input line 1
604.
Package czt Info: Setting up Standard Z bracket symbols on input line 1651.
Package czt Info: Marking \mid, \semicolon, and \spot
(czt)             as 
(czt)             active in math mode on input line 1655.
Package czt Info: Setting up Standard Z predicate logic symbols on input line 1
698.
Package czt Info: Setting up Standard Z keywords on input line 1762.
Package czt Info:   Loading prelude          symbols on input line 1772.
Package czt Info:   Loading set      toolkit symbols on input line 1804.
Package czt Info:   Loading relation toolkit symbols on input line 1830.
Package czt Info:   Loading function toolkit symbols on input line 1845.
Package czt Info:   Loading number   toolkit symbols on input line 1861.
Package czt Info:   Loading sequence toolkit symbols on input line 1889.
Package czt Info:   Loading standard toolkit symbols completed on input line 18
93.
Package czt Info:   Loading Z state refinement toolkit symbols completed on inp
ut line 1904.
)
Package circus Info: Rendering Circus math mode in monochrome. on input line 10
1.
Package circus Info: Loading AMS font symbols for Circus on input line 320.
\@circuscountingwhat=\count291
\c@cntCircusChannel=\count292
\c@cntCircusChannelset=\count293
\c@cntCircusProcess=\count294
\c@cntCircusProcessRef=\count295
\c@cntCircusNameset=\count296
\c@cntCircusAction=\count297
\c@cntCircusActionRef=\count298
\c@cntCircusDeclShallow=\count299
\c@cntCircusDeclDeep=\count300
\c@cntCircusZunboxed=\count301
\c@cntCircusZaxdef=\count302
\c@cntCircusZgendef=\count303
\c@cntCircusZschema=\count304
\c@cntCircusZgenschema=\count305
\c@cntCircustotChannel=\count306
\c@cntCircustotChannelset=\count307
\c@cntCircustotProcess=\count308
\c@cntCircustotProcessRef=\count309
\c@cntCircustotNameset=\count310
\c@cntCircustotAction=\count311
\c@cntCircustotActionRef=\count312
\c@cntCircustotDeclShallow=\count313
\c@cntCircustotDeclDeep=\count314
\c@cntCircusunknown=\count315
\c@cntCircustotunknown=\count316
\c@cntCircusZtotunboxed=\count317
\c@cntCircusZtotaxdef=\count318
\c@cntCircusZtotgendef=\count319
\c@cntCircusZtotschema=\count320
\c@cntCircusZtotgenschema=\count321
\c@cntCircusZunknown=\count322
\c@cntCircusZtotunknown=\count323
Package circus Info: Initialising Circus registers with default values.
(circus)                \TypesetCircusToolsCmds=false  on input line 472.
\c@cntCircusOverallTotShallow=\count324
\c@cntCircusOverallTotDeep=\count325
Package circus Info: Setting up Circus LaTeX environments on input line 870.
Package circus Info: Loading Circus keywords on input line 932.
Package circus Info: Loading Circus brackets on input line 964.
Package circus Info: Loading Circus special symbols on input line 998.
Package circus Info: Loading Circus CSP symbols on input line 1020.
Package circus Info: Loading Circus boxing symbols on input line 1037.
Package circus Info: Loading Circus circus\unhbox \voidb@x \kern 0.06em\vbox {\
hrule width0.5em}prelude symbols on input line 1047.
Package circus Info: Loading Circus circus\unhbox \voidb@x \kern 0.06em\vbox {\
hrule width0.5em}mc\unhbox \voidb@x \kern 0.06em\vbox {\hrule width0.5em}toolki
t symbols on input line 1057.
\circnotewidth=\skip52
) (./preamble.tex
\c@ruleT=\count326
\c@tRule=\count327
)
(/usr/local/texlive/2024/texmf-dist/tex/latex/l3backend/l3backend-pdftex.def
File: l3backend-pdftex.def 2024-05-08 L3 backend support: PDF output (pdfTeX)
\l__color_backend_stack_int=\count328
\l__pdf_internal_box=\box52
)
(./main.aux

LaTeX Warning: Label `fig:robochart-ann-types' multiply defined.


LaTeX Warning: Label `rule:ANNsemantics' multiply defined.


LaTeX Warning: Label `rule:annchanneldecl' multiply defined.


LaTeX Warning: Label `rule:annproc' multiply defined.


LaTeX Warning: Label `rule:hiddenlayers' multiply defined.


LaTeX Warning: Label `rule:outputlayer' multiply defined.


LaTeX Warning: Label `rule:annrenamed' multiply defined.


LaTeX Warning: Label `rule:lstructure' multiply defined.


LaTeX Warning: Label `rule:layerres' multiply defined.


LaTeX Warning: Label `rule:indexedlayerres' multiply defined.


LaTeX Warning: Label `rule:nodeout' multiply defined.


LaTeX Warning: Label `rule:layerno' multiply defined.


LaTeX Warning: Label `rule:weight' multiply defined.


LaTeX Warning: Label `rule:bias' multiply defined.


LaTeX Warning: Label `rule:allnodeout' multiply defined.


LaTeX Warning: Label `rule:indexednodeout' multiply defined.

)
\openout1 = `main.aux'.

LaTeX Font Info:    Checking defaults for OML/cmm/m/it on input line 14.
LaTeX Font Info:    ... okay on input line 14.
LaTeX Font Info:    Checking defaults for OMS/cmsy/m/n on input line 14.
LaTeX Font Info:    ... okay on input line 14.
LaTeX Font Info:    Checking defaults for OT1/cmr/m/n on input line 14.
LaTeX Font Info:    ... okay on input line 14.
LaTeX Font Info:    Checking defaults for T1/cmr/m/n on input line 14.
LaTeX Font Info:    ... okay on input line 14.
LaTeX Font Info:    Checking defaults for TS1/cmr/m/n on input line 14.
LaTeX Font Info:    ... okay on input line 14.
LaTeX Font Info:    Checking defaults for OMX/cmex/m/n on input line 14.
LaTeX Font Info:    ... okay on input line 14.
LaTeX Font Info:    Checking defaults for U/cmr/m/n on input line 14.
LaTeX Font Info:    ... okay on input line 14.
 (/usr/local/texlive/2024/texmf-dist/tex/context/base/mkii/supp-pdf.mkii
[Loading MPS to PDF converter (version 2006.09.02).]
\scratchcounter=\count329
\scratchdimen=\dimen149
\scratchbox=\box53
\nofMPsegments=\count330
\nofMParguments=\count331
\everyMPshowfont=\toks18
\MPscratchCnt=\count332
\MPscratchDim=\dimen150
\MPnumerator=\count333
\makeMPintoPDFobject=\count334
\everyMPtoPDFconversion=\toks19
) (/usr/local/texlive/2024/texmf-dist/tex/latex/epstopdf-pkg/epstopdf-base.sty
Package: epstopdf-base 2020-01-24 v2.11 Base part for package epstopdf
Package epstopdf-base Info: Redefining graphics rule for `.eps' on input line 4
85.

(/usr/local/texlive/2024/texmf-dist/tex/latex/latexconfig/epstopdf-sys.cfg
File: epstopdf-sys.cfg 2010/07/13 v1.3 Configuration of (r)epstopdf for TeX Liv
e
))
LaTeX Font Info:    External font `cmex10' loaded for size
(Font)              <12> on input line 16.
LaTeX Font Info:    External font `cmex10' loaded for size
(Font)              <8> on input line 16.
LaTeX Font Info:    External font `cmex10' loaded for size
(Font)              <6> on input line 16.
LaTeX Font Info:    Trying to load font information for U+stmry on input line 1
6.

(/usr/local/texlive/2024/texmf-dist/tex/latex/stmaryrd/Ustmry.fd)
LaTeX Font Info:    Trying to load font information for U+msa on input line 16.


(/usr/local/texlive/2024/texmf-dist/tex/latex/amsfonts/umsa.fd
File: umsa.fd 2013/01/14 v3.01 AMS symbols A
)
LaTeX Font Info:    Trying to load font information for U+msb on input line 16.


(/usr/local/texlive/2024/texmf-dist/tex/latex/amsfonts/umsb.fd
File: umsb.fd 2013/01/14 v3.01 AMS symbols B
)
LaTeX Font Info:    External font `cmex10' loaded for size
(Font)              <7> on input line 20.
LaTeX Font Info:    External font `cmex10' loaded for size
(Font)              <5> on input line 20.


Package czt Warning: Counting nothing  on input line 20.


Package czt Warning: Counting unboxed  on input line 25.


Package czt Warning: Counting unboxed  on input line 26.


Package czt Warning: Counting unboxed  on input line 27.


Package czt Warning: Counting unboxed  on input line 28.


Overfull \hbox (49.41867pt too wide) in alignment at lines 25--30
[] 
 []


Package czt Warning: Counting schema  on input line 33.


Package czt Warning: Counting schema  on input line 43.


Package czt Warning: Counting schema  on input line 47.



[1

{/usr/local/texlive/2024/texmf-var/fonts/map/pdftex/updmap/pdftex.map}]
(./separate_channel_semantics.tex

LaTeX Warning: Citation `Oli06' on page 2 undefined on input line 3.



[2{/usr/local/texlive/2024/texmf-dist/fonts/enc/dvips/cm-super/cm-super-ts1.enc
}]

Package czt Warning: Counting unboxed  on input line 6.


Package czt Warning: Counting unboxed  on input line 7.


Package czt Warning: Counting unboxed  on input line 8.


Package czt Warning: Counting unboxed  on input line 9.


Overfull \hbox (49.41867pt too wide) in alignment at lines 6--11
[] 
 []


Package czt Warning: Counting schema  on input line 14.


Package czt Warning: Counting schema  on input line 24.


Package czt Warning: Counting schema  on input line 28.


LaTeX Warning: Citation `RoboChart' on page 3 undefined on input line 35.



[3]
LaTeX Font Info:    Font shape `U/mathc/m/it' will be
(Font)              scaled to size 10.29999pt on input line 43.
LaTeX Font Info:    Font shape `U/mathc/m/it' will be
(Font)              scaled to size 7.20999pt on input line 43.
LaTeX Font Info:    Font shape `U/mathc/m/it' will be
(Font)              scaled to size 5.15pt on input line 43.
LaTeX Font Info:    Font shape `U/mathc/m/it' will be
(Font)              scaled to size 8.23999pt on input line 43.
LaTeX Font Info:    Font shape `U/mathc/m/it' will be
(Font)              scaled to size 6.18pt on input line 43.


Package czt Warning: Counting nothing  on input line 43.


Package czt Warning: Counting nothing  on input line 54.


Package circus Warning: Counting (C) channel not in BP  on input line 57.


Package circus Warning: Counting (C) channel set not in BP  on input line 58.



[4]

Package czt Warning: Counting nothing  on input line 75.


Package circus Warning: Counting (C) channel not in BP  on input line 82.


Package circus Warning: Counting (C) channel not in BP  on input line 87.



[5]

Package czt Warning: Counting nothing  on input line 115.


Package circus Warning: Counting (C) channel not in BP  on input line 121.


Package circus Warning: Counting (C) channel not in BP  on input line 126.


Package czt Warning: Counting nothing  on input line 137.


Package circus Warning: Counting (C) process not in BP  on input line 139.


Package circus Warning: Couln't identify kind of definition for circdef command
 (nothing ); ignored counting on input line 143.

LaTeX Font Info:    Font shape `U/mathc/m/it' will be
(Font)              scaled to size 12.35999pt on input line 143.

Package circus Warning: Couln't identify kind of definition for circdef command
 (nothing ); ignored counting on input line 147.


Package circus Warning: Couln't identify kind of definition for circdef command
 (nothing ); ignored counting on input line 151.


Package circus Warning: Couln't identify kind of definition for circdef command
 (nothing ); ignored counting on input line 155.


Package circus Warning: Couln't identify kind of definition for circdef command
 (nothing ); ignored counting on input line 159.


Package circus Warning: Couln't identify kind of definition for circdef command
 (nothing ); ignored counting on input line 160.


Package circus Warning: Couln't identify kind of definition for circdef command
 (nothing ); ignored counting on input line 161.


Package circus Warning: Couln't identify kind of definition for circdef command
 (nothing ); ignored counting on input line 167.


Package circus Warning: Counting (C) action def. not in BP  on input line 171.


Overfull \hbox (15.6222pt too wide) in alignment at lines 137--177
[] 
 []



[6]

Package czt Warning: Counting nothing  on input line 184.

LaTeX Font Info:    External font `cmex10' loaded for size
(Font)              <17.28> on input line 186.
LaTeX Font Info:    Font shape `U/mathc/m/it' will be
(Font)              scaled to size 17.79837pt on input line 186.


[7]

Package czt Warning: Counting nothing  on input line 212.


Package czt Warning: Counting nothing  on input line 229.



[8]

Package czt Warning: Counting nothing  on input line 251.


Package czt Warning: Counting nothing  on input line 267.


Package czt Warning: Counting nothing  on input line 286.


LaTeX Warning: Citation `CAV2019' on page 9 undefined on input line 294.



[9]

Package czt Warning: Counting nothing  on input line 296.


LaTeX Warning: Citation `RoboChart' on page 10 undefined on input line 314.


Package czt Warning: Counting nothing  on input line 316.



[10]

Package czt Warning: Counting nothing  on input line 337.


Package czt Warning: Counting nothing  on input line 344.


Package czt Warning: Counting nothing  on input line 352.


Package czt Warning: Counting nothing  on input line 359.


Package czt Warning: Counting nothing  on input line 366.


Package czt Warning: Counting nothing  on input line 373.


Package czt Warning: Counting nothing  on input line 380.


Package czt Warning: Counting nothing  on input line 389.



[11]

[12])
Overfull \hbox (1.23628pt too wide) in paragraph at lines 73--73
[]\OT1/cmr/bx/n/14.4 Semantic Rules (with pa-ram-e-terised chan-nels) 
 []

(./parameterised_semantic_rules.tex

LaTeX Warning: Reference `sec:verification' on page 13 undefined on input line 
3.


LaTeX Warning: Citation `Oli06' on page 13 undefined on input line 7.


Package czt Warning: Counting unboxed  on input line 10.


Package czt Warning: Counting unboxed  on input line 11.


Package czt Warning: Counting unboxed  on input line 12.


Package czt Warning: Counting unboxed  on input line 13.


Overfull \hbox (49.41867pt too wide) in alignment at lines 10--15
[] 
 []


Package czt Warning: Counting schema  on input line 18.


Package czt Warning: Counting schema  on input line 28.


Package czt Warning: Counting schema  on input line 32.



[13]

LaTeX Warning: Citation `RoboChart' on page 14 undefined on input line 39.



[14]

Package czt Warning: Counting nothing  on input line 46.


Package czt Warning: Counting nothing  on input line 57.


Package circus Warning: Counting (C) channel not in BP  on input line 59.


Package circus Warning: Counting (C) channel not in BP  on input line 60.


Package circus Warning: Counting (C) channel not in BP  on input line 61.


Package circus Warning: Counting (C) channel set not in BP  on input line 62.



[15]

Package czt Warning: Counting nothing  on input line 89.


Package circus Warning: Counting (C) process not in BP  on input line 91.


Package circus Warning: Couln't identify kind of definition for circdef command
 (nothing ); ignored counting on input line 95.


Package circus Warning: Couln't identify kind of definition for circdef command
 (nothing ); ignored counting on input line 102.


Package circus Warning: Couln't identify kind of definition for circdef command
 (nothing ); ignored counting on input line 108.


Package circus Warning: Couln't identify kind of definition for circdef command
 (nothing ); ignored counting on input line 116.


Package circus Warning: Couln't identify kind of definition for circdef command
 (nothing ); ignored counting on input line 122.


Package circus Warning: Couln't identify kind of definition for circdef command
 (nothing ); ignored counting on input line 123.


Package circus Warning: Couln't identify kind of definition for circdef command
 (nothing ); ignored counting on input line 128.


Package circus Warning: Couln't identify kind of definition for circdef command
 (nothing ); ignored counting on input line 134.


Package circus Warning: Counting (C) action def. not in BP  on input line 138.


Overfull \hbox (15.6222pt too wide) in alignment at lines 89--144
[] 
 []



[16]

[17]

[18]

Package czt Warning: Counting nothing  on input line 158.


Package czt Warning: Counting nothing  on input line 177.


LaTeX Warning: Citation `CAV2019' on page 19 undefined on input line 185.



[19]

Package czt Warning: Counting nothing  on input line 187.


LaTeX Warning: Citation `RoboChart' on page 20 undefined on input line 205.


Package czt Warning: Counting nothing  on input line 207.



[20]

Package czt Warning: Counting nothing  on input line 228.


Package czt Warning: Counting nothing  on input line 235.


Package czt Warning: Counting nothing  on input line 243.


Package czt Warning: Counting nothing  on input line 250.


Package czt Warning: Counting nothing  on input line 257.


Package czt Warning: Counting nothing  on input line 264.


Package czt Warning: Counting nothing  on input line 271.


Package czt Warning: Counting nothing  on input line 278.

)

[21]

[22]

Package czt Warning: Counting unboxed  on input line 86.


Package czt Warning: Counting nothing  on input line 90.


Package circus Warning: Counting (C) channel not in BP  on input line 91.


Package circus Warning: Counting (C) channel not in BP  on input line 92.


Package circus Warning: Counting (C) channel not in BP  on input line 93.


Package circus Warning: Counting (C) channel not in BP  on input line 94.


Package circus Warning: Counting (C) channel not in BP  on input line 95.


Package circus Warning: Counting (C) channel not in BP  on input line 96.


Package circus Warning: Counting (C) channel not in BP  on input line 97.


Package circus Warning: Counting (C) channel not in BP  on input line 98.


Package czt Warning: Counting nothing  on input line 101.


Package circus Warning: Counting (C) channel not in BP  on input line 102.


Package circus Warning: Counting (C) channel not in BP  on input line 103.


Package circus Warning: Counting (C) channel not in BP  on input line 104.


Package czt Warning: Counting nothing  on input line 107.


Package circus Warning: Counting (C) channel set not in BP  on input line 108.


Package czt Warning: Counting axdef  on input line 112.


Package czt Warning: Counting axdef  on input line 115.


Package czt Warning: Counting axdef  on input line 117.


Package czt Warning: Counting nothing  on input line 129.


Package circus Warning: Counting (C) process not in BP  on input line 130.


Package circus Warning: Couln't identify kind of definition for circdef command
 (nothing ); ignored counting on input line 134.


Package circus Warning: Couln't identify kind of definition for circdef command
 (nothing ); ignored counting on input line 144.


Package circus Warning: Couln't identify kind of definition for circdef command
 (nothing ); ignored counting on input line 153.


Package circus Warning: Couln't identify kind of definition for circdef command
 (nothing ); ignored counting on input line 170.


Package circus Warning: Couln't identify kind of definition for circdef command
 (nothing ); ignored counting on input line 174.


Package circus Warning: Couln't identify kind of definition for circdef command
 (nothing ); ignored counting on input line 178.


Package circus Warning: Couln't identify kind of definition for circdef command
 (nothing ); ignored counting on input line 182.


Package circus Warning: Couln't identify kind of definition for circdef command
 (nothing ); ignored counting on input line 186.


Package circus Warning: Counting (C) action def. not in BP  on input line 195.


Overfull \hbox (111.52084pt too wide) in alignment at lines 129--197
[] 
 []



[23]
Overfull \hbox (1.36185pt too wide) in paragraph at lines 245--246
[]\OT1/cmr/m/n/10 Concrete in-stan-ti-a-tions: Ba-s-ic-Cha-n-nelSe-t-Expr, Bind
-Expr, Con-d-Expr, Nu-
 []


Overfull \hbox (44.11078pt too wide) in paragraph at lines 253--254
\OT1/cmr/m/n/10 Notes from CZT API, https://czt.sourceforge.net/corejava/coreja
va-z/apidocs/index.html 
 []



[24]

[25]
Overfull \hbox (3.0098pt too wide) in paragraph at lines 301--302
\OT1/cmr/m/n/10 nelset name, cre-ates a chan-nel set, with the ref-er-ence ex-p
res-sion, of $\OT1/cmr/m/it/10 cs[]ame$\OT1/cmr/m/n/10 . 
 []



[26]
Overfull \hbox (3.53674pt too wide) in paragraph at lines 321--322
[]\OT1/cmr/m/n/10 ORDERING WORKS, NOT SURE WHY, SAYS UN-ORDERED, IN EMF,
 []


Package czt Warning: Counting nothing  on input line 331.


Package circus Warning: Counting (C) process not in BP  on input line 332.


Package circus Warning: Couln't identify kind of definition for circdef command
 (nothing ); ignored counting on input line 333.


Package circus Warning: Couln't identify kind of definition for circdef command
 (nothing ); ignored counting on input line 377.


Package circus Warning: Couln't identify kind of definition for circdef command
 (nothing ); ignored counting on input line 406.


Package circus Warning: Couln't identify kind of definition for circdef command
 (nothing ); ignored counting on input line 456.


Package circus Warning: Couln't identify kind of definition for circdef command
 (nothing ); ignored counting on input line 469.


Package circus Warning: Couln't identify kind of definition for circdef command
 (nothing ); ignored counting on input line 474.


Package circus Warning: Couln't identify kind of definition for circdef command
 (nothing ); ignored counting on input line 477.


Package circus Warning: Couln't identify kind of definition for circdef command
 (nothing ); ignored counting on input line 480.


Package circus Warning: Counting (C) action def. not in BP  on input line 484.


Overfull \hbox (172.4733pt too wide) in alignment at lines 331--485
[] 
 []


LaTeX Warning: Float too large for page by 603.70609pt on input line 490.


Package czt Warning: Counting unboxed  on input line 496.


Package czt Warning: Counting unboxed  on input line 497.


Package czt Warning: Counting unboxed  on input line 499.

LaTeX Font Info:    External font `cmex10' loaded for size
(Font)              <14.4> on input line 502.
LaTeX Font Info:    Font shape `U/mathc/m/it' will be
(Font)              scaled to size 14.83197pt on input line 502.

Package czt Warning: Counting unboxed  on input line 505.


Package czt Warning: Counting unboxed  on input line 509.


Package czt Warning: Counting unboxed  on input line 511.


Package czt Warning: Counting unboxed  on input line 515.


Package czt Warning: Counting unboxed  on input line 522.


Package czt Warning: Counting unboxed  on input line 525.


Package czt Warning: Counting unboxed  on input line 536.


Package czt Warning: Counting unboxed  on input line 540.


Package czt Warning: Counting unboxed  on input line 542.


Package czt Warning: Counting unboxed  on input line 543.


Package czt Warning: Counting unboxed  on input line 544.


Package czt Warning: Counting unboxed  on input line 545.


Package czt Warning: Counting unboxed  on input line 548.


Package czt Warning: Counting unboxed  on input line 551.


Overfull \hbox (29.4902pt too wide) in alignment at lines 496--554
[] 
 []


LaTeX Warning: `h' float specifier changed to `ht'.



[27]

[28]

[29]

[30]

[31] (./main.aux)
 ***********
LaTeX2e <2024-06-01>
L3 programming layer <2024-05-27>
 ***********


LaTeX Warning: There were undefined references.


LaTeX Warning: There were multiply-defined labels.

 ) 
Here is how much of TeX's memory you used:
 2381 strings out of 473600
 35783 string characters out of 5728708
 1990891 words of memory out of 5000000
 25241 multiletter control sequences out of 15000+600000
 579851 words of font info for 109 fonts, out of 8000000 for 9000
 1141 hyphenation exceptions out of 8191
 57i,37n,65p,1670b,669s stack positions out of 10000i,1000n,20000p,200000b,200000s
</usr/local/texlive/2024/texmf-dist/fonts/type1/public/amsfonts/cm/cmbx10.pfb
></usr/local/texlive/2024/texmf-dist/fonts/type1/public/amsfonts/cm/cmbx12.pfb>
</usr/local/texlive/2024/texmf-dist/fonts/type1/public/amsfonts/cm/cmbx8.pfb></
usr/local/texlive/2024/texmf-dist/fonts/type1/public/amsfonts/cm/cmex10.pfb></u
sr/local/texlive/2024/texmf-dist/fonts/type1/public/amsfonts/cm/cmmi10.pfb></us
r/local/texlive/2024/texmf-dist/fonts/type1/public/amsfonts/cm/cmmi8.pfb></usr/
local/texlive/2024/texmf-dist/fonts/type1/public/amsfonts/cm/cmr10.pfb></usr/lo
cal/texlive/2024/texmf-dist/fonts/type1/public/amsfonts/cm/cmr12.pfb></usr/loca
l/texlive/2024/texmf-dist/fonts/type1/public/amsfonts/cm/cmr17.pfb></usr/local/
texlive/2024/texmf-dist/fonts/type1/public/amsfonts/cm/cmr8.pfb></usr/local/tex
live/2024/texmf-dist/fonts/type1/public/amsfonts/cm/cmss10.pfb></usr/local/texl
ive/2024/texmf-dist/fonts/type1/public/amsfonts/cm/cmss8.pfb></usr/local/texliv
e/2024/texmf-dist/fonts/type1/public/amsfonts/cm/cmssi10.pfb></usr/local/texliv
e/2024/texmf-dist/fonts/type1/public/amsfonts/cm/cmsy10.pfb></usr/local/texlive
/2024/texmf-dist/fonts/type1/public/amsfonts/cm/cmsy6.pfb></usr/local/texlive/2
024/texmf-dist/fonts/type1/public/amsfonts/cm/cmsy8.pfb></usr/local/texlive/202
4/texmf-dist/fonts/type1/public/amsfonts/cm/cmti10.pfb></usr/local/texlive/2024
/texmf-dist/fonts/type1/public/amsfonts/cm/cmti7.pfb></usr/local/texlive/2024/t
exmf-dist/fonts/type1/public/amsfonts/cm/cmti8.pfb></usr/local/texlive/2024/tex
mf-dist/fonts/type1/public/mathabx-type1/mathc10.pfb></usr/local/texlive/2024/t
exmf-dist/fonts/type1/public/amsfonts/symbols/msam10.pfb></usr/local/texlive/20
24/texmf-dist/fonts/type1/public/amsfonts/symbols/msbm10.pfb></usr/local/texliv
e/2024/texmf-dist/fonts/type1/public/cm-super/sfrm1000.pfb></usr/local/texlive/
2024/texmf-dist/fonts/type1/public/stmaryrd/stmary10.pfb></usr/local/texlive/20
24/texmf-dist/fonts/type1/public/stmaryrd/stmary8.pfb>
Output written on main.pdf (31 pages, 339462 bytes).
PDF statistics:
 231 PDF objects out of 1000 (max. 8388607)
 146 compressed objects within 2 object streams
 0 named destinations out of 1000 (max. 500000)
 1 words of extra memory for PDF output out of 10000 (max. 10000000)

